<?xml version="1.0" encoding="utf-8"?><testsuites name="pytest tests"><testsuite name="pytest" errors="0" failures="0" skipped="0" tests="19" time="2.409" timestamp="2026-03-18T03:54:14.966080+00:00" hostname="agent-env-84d597f8-4a31-47fc-81ea-c2bc6de1d96b"><testcase classname="tests.test_btcpay_integration.TestPremiumPackages" name="test_premium_packages_endpoint_returns_200" time="0.126" /><testcase classname="tests.test_btcpay_integration.TestPremiumPackages" name="test_premium_packages_returns_6_packages" time="0.073" /><testcase classname="tests.test_btcpay_integration.TestPremiumPackages" name="test_premium_packages_all_have_cad_currency" time="0.076" /><testcase classname="tests.test_btcpay_integration.TestPremiumPackages" name="test_premium_packages_structure" time="0.090" /><testcase classname="tests.test_btcpay_integration.TestPremiumPackages" name="test_premium_packages_correct_ids" time="0.081" /><testcase classname="tests.test_btcpay_integration.TestBTCPayCreateInvoice" name="test_create_invoice_requires_auth" time="0.085" /><testcase classname="tests.test_btcpay_integration.TestBTCPayCreateInvoice" name="test_create_invoice_requires_escort_role" time="0.445" /><testcase classname="tests.test_btcpay_integration.TestBTCPayCreateInvoice" name="test_create_invoice_returns_503_when_btcpay_not_configured" time="0.451" /><testcase classname="tests.test_btcpay_integration.TestBTCPayPaymentStatus" name="test_payment_status_requires_auth" time="0.081" /><testcase classname="tests.test_btcpay_integration.TestBTCPayPaymentStatus" name="test_payment_status_returns_404_for_unknown_txn" time="0.394" /><testcase classname="tests.test_btcpay_integration.TestBTCPayWebhook" name="test_webhook_accepts_post_request" time="0.081" /><testcase classname="tests.test_btcpay_integration.TestBTCPayWebhook" name="test_webhook_handles_invoice_settled_event" time="0.083" /><testcase classname="tests.test_btcpay_integration.TestBTCPayWebhook" name="test_webhook_handles_invoice_expired_event" time="0.094" /><testcase classname="tests.test_btcpay_integration.TestBTCPayWebhook" name="test_webhook_handles_invoice_invalid_event" time="0.073" /><testcase classname="tests.test_btcpay_integration.TestBTCPayWebhook" name="test_webhook_handles_empty_payload" time="0.110" /><testcase classname="tests.test_btcpay_integration.TestNoStripeReferences" name="test_server_py_no_stripe" time="0.003" /><testcase classname="tests.test_btcpay_integration.TestNoStripeReferences" name="test_env_no_stripe" time="0.002" /><testcase classname="tests.test_btcpay_integration.TestNoStripeReferences" name="test_requirements_no_stripe" time="0.002" /><testcase classname="tests.test_btcpay_integration.TestBTCPayEnvVars" name="test_btcpay_env_vars_exist_in_env_file" time="0.000" /></testsuite></testsuites>