<?xml version="1.0" encoding="utf-8"?><testsuites name="pytest tests"><testsuite name="pytest" errors="0" failures="0" skipped="0" tests="29" time="27.215" timestamp="2026-03-14T19:20:06.383089+00:00" hostname="agent-env-84d597f8-4a31-47fc-81ea-c2bc6de1d96b"><testcase classname="backend.tests.test_phase2_features.TestAuthentication" name="test_admin_login" time="0.852" /><testcase classname="backend.tests.test_phase2_features.TestAuthentication" name="test_escort_login" time="0.636" /><testcase classname="backend.tests.test_phase2_features.TestAuthentication" name="test_client_login" time="0.635" /><testcase classname="backend.tests.test_phase2_features.TestAuthentication" name="test_invalid_login" time="0.546" /><testcase classname="backend.tests.test_phase2_features.TestListingsAPI" name="test_get_listings_default_sort" time="0.438" /><testcase classname="backend.tests.test_phase2_features.TestListingsAPI" name="test_get_listing_detail_increments_views" time="0.842" /><testcase classname="backend.tests.test_phase2_features.TestListingsAPI" name="test_search_filter" time="0.417" /><testcase classname="backend.tests.test_phase2_features.TestListingsAPI" name="test_city_filter" time="0.409" /><testcase classname="backend.tests.test_phase2_features.TestListingsAPI" name="test_verified_filter" time="0.429" /><testcase classname="backend.tests.test_phase2_features.TestListingsAPI" name="test_premium_filter" time="0.449" /><testcase classname="backend.tests.test_phase2_features.TestPhoneRevealSystem" name="test_reveal_phone" time="0.803" /><testcase classname="backend.tests.test_phase2_features.TestPhoneRevealSystem" name="test_phone_click_tracking" time="0.812" /><testcase classname="backend.tests.test_phase2_features.TestSEORoutes" name="test_seo_route_escort_city_slug" time="0.845" /><testcase classname="backend.tests.test_phase2_features.TestReportSystem" name="test_create_report" time="1.423" /><testcase classname="backend.tests.test_phase2_features.TestAdminAPI" name="test_admin_stats" time="1.126" /><testcase classname="backend.tests.test_phase2_features.TestAdminAPI" name="test_admin_users_list" time="1.025" /><testcase classname="backend.tests.test_phase2_features.TestAdminAPI" name="test_admin_listings_list" time="1.027" /><testcase classname="backend.tests.test_phase2_features.TestAdminAPI" name="test_admin_reports_list" time="1.047" /><testcase classname="backend.tests.test_phase2_features.TestAdminAPI" name="test_admin_banners_list" time="1.040" /><testcase classname="backend.tests.test_phase2_features.TestAdminAPI" name="test_admin_set_featured" time="1.885" /><testcase classname="backend.tests.test_phase2_features.TestBannerAPI" name="test_get_homepage_banner" time="0.404" /><testcase classname="backend.tests.test_phase2_features.TestBannerAPI" name="test_create_banner" time="1.434" /><testcase classname="backend.tests.test_phase2_features.TestBannerAPI" name="test_banner_click_tracking" time="1.869" /><testcase classname="backend.tests.test_phase2_features.TestEscortDashboard" name="test_escort_stats" time="1.070" /><testcase classname="backend.tests.test_phase2_features.TestEscortDashboard" name="test_escort_listings" time="1.033" /><testcase classname="backend.tests.test_phase2_features.TestEscortDashboard" name="test_escort_premium_upgrade" time="1.471" /><testcase classname="backend.tests.test_phase2_features.TestFavorites" name="test_toggle_favorite" time="1.857" /><testcase classname="backend.tests.test_phase2_features.TestRegistration" name="test_register_escort" time="0.636" /><testcase classname="backend.tests.test_phase2_features.TestRegistration" name="test_register_client" time="0.666" /></testsuite></testsuites>