<?xml version="1.0" encoding="utf-8"?><testsuites name="pytest tests"><testsuite name="pytest" errors="0" failures="0" skipped="0" tests="23" time="12.890" timestamp="2026-03-14T20:08:13.480829+00:00" hostname="agent-env-84d597f8-4a31-47fc-81ea-c2bc6de1d96b"><testcase classname="tests.test_phase3_features.TestHealthAndBasics" name="test_api_health" time="0.593" /><testcase classname="tests.test_phase3_features.TestPremiumPackages" name="test_get_premium_packages" time="0.372" /><testcase classname="tests.test_phase3_features.TestPremiumPackages" name="test_package_prices_correct" time="0.365" /><testcase classname="tests.test_phase3_features.TestStripeCheckout" name="test_create_checkout_session" time="2.005" /><testcase classname="tests.test_phase3_features.TestStripeCheckout" name="test_checkout_session_invalid_package" time="0.367" /><testcase classname="tests.test_phase3_features.TestStripeCheckout" name="test_checkout_status_requires_auth" time="0.366" /><testcase classname="tests.test_phase3_features.TestEmailVerification" name="test_register_escort_requires_verification" time="0.677" /><testcase classname="tests.test_phase3_features.TestEmailVerification" name="test_register_client_no_verification" time="0.635" /><testcase classname="tests.test_phase3_features.TestEmailVerification" name="test_verify_email_invalid_token" time="0.366" /><testcase classname="tests.test_phase3_features.TestEmailVerification" name="test_resend_verification_requires_auth" time="0.363" /><testcase classname="tests.test_phase3_features.TestLoginCaptchaStatus" name="test_login_captcha_status" time="0.367" /><testcase classname="tests.test_phase3_features.TestUnverifiedEscortRestrictions" name="test_unverified_escort_cannot_create_listing" time="1.019" /><testcase classname="tests.test_phase3_features.TestContactForm" name="test_submit_contact_form" time="0.364" /><testcase classname="tests.test_phase3_features.TestContactForm" name="test_contact_form_validation" time="0.371" /><testcase classname="tests.test_phase3_features.TestGeoDistanceSearch" name="test_listings_with_geo_params" time="0.367" /><testcase classname="tests.test_phase3_features.TestGeoDistanceSearch" name="test_listings_without_geo_params" time="0.375" /><testcase classname="tests.test_phase3_features.TestGeoDistanceSearch" name="test_geo_search_with_small_radius" time="0.731" /><testcase classname="tests.test_phase3_features.TestAdminPayments" name="test_admin_payments_list" time="0.951" /><testcase classname="tests.test_phase3_features.TestAdminPayments" name="test_admin_payments_requires_admin" time="0.376" /><testcase classname="tests.test_phase3_features.TestTurnstileCaptcha" name="test_register_without_turnstile_fails" time="0.366" /><testcase classname="tests.test_phase3_features.TestTurnstileCaptcha" name="test_register_with_turnstile_succeeds" time="0.658" /><testcase classname="tests.test_phase3_features.TestEscortStats" name="test_escort_stats_has_email_verified" time="0.367" /><testcase classname="tests.test_phase3_features.TestAdminStats" name="test_admin_stats_has_revenue" time="0.377" /></testsuite></testsuites>