<?xml version="1.0" encoding="utf-8"?><testsuites name="pytest tests"><testsuite name="pytest" errors="0" failures="1" skipped="0" tests="14" time="3.162" timestamp="2026-03-17T00:30:58.443294+00:00" hostname="agent-env-84d597f8-4a31-47fc-81ea-c2bc6de1d96b"><testcase classname="backend.tests.test_wild_machine_features.TestBrandingAndAPIBasics" name="test_api_health_check" time="0.139"><failure message="assert 404 == 200&#10; +  where 404 = &lt;Response [404]&gt;.status_code">backend/tests/test_wild_machine_features.py:20: in test_api_health_check
    assert response.status_code == 200
E   assert 404 == 200
E    +  where 404 = &lt;Response [404]&gt;.status_code</failure></testcase><testcase classname="backend.tests.test_wild_machine_features.TestBrandingAndAPIBasics" name="test_listings_endpoint_accessible" time="0.116" /><testcase classname="backend.tests.test_wild_machine_features.TestNewServiceTypeFields" name="test_filter_by_car_call" time="0.208" /><testcase classname="backend.tests.test_wild_machine_features.TestNewServiceTypeFields" name="test_filter_by_en_ligne" time="0.126" /><testcase classname="backend.tests.test_wild_machine_features.TestNewServiceTypeFields" name="test_filter_by_is_trans" time="0.147" /><testcase classname="backend.tests.test_wild_machine_features.TestNewServiceTypeFields" name="test_combined_filters" time="0.086" /><testcase classname="backend.tests.test_wild_machine_features.TestQuebecCities" name="test_listings_have_quebec_cities" time="0.116" /><testcase classname="backend.tests.test_wild_machine_features.TestQuebecCities" name="test_montreal_filter" time="0.110" /><testcase classname="backend.tests.test_wild_machine_features.TestQuebecCities" name="test_no_old_cities" time="0.081" /><testcase classname="backend.tests.test_wild_machine_features.TestAuthentication" name="test_admin_login" time="0.370" /><testcase classname="backend.tests.test_wild_machine_features.TestAuthentication" name="test_escort_login" time="0.316" /><testcase classname="backend.tests.test_wild_machine_features.TestListingCRUD" name="test_create_listing_with_new_fields" time="0.520" /><testcase classname="backend.tests.test_wild_machine_features.TestListingCRUD" name="test_get_listing_has_new_fields" time="0.660" /><testcase classname="backend.tests.test_wild_machine_features.TestListingFieldsInResponse" name="test_listings_have_new_service_fields" time="0.080" /></testsuite></testsuites>