<?xml version="1.0" encoding="utf-8"?><testsuites name="pytest tests"><testsuite name="pytest" errors="0" failures="0" skipped="0" tests="19" time="13.071" timestamp="2026-03-14T21:18:22.607785+00:00" hostname="agent-env-84d597f8-4a31-47fc-81ea-c2bc6de1d96b"><testcase classname="tests.test_media_upload.TestMediaUploadAPI" name="test_upload_jpeg_image" time="1.025" /><testcase classname="tests.test_media_upload.TestMediaUploadAPI" name="test_upload_png_image" time="0.521" /><testcase classname="tests.test_media_upload.TestMediaUploadAPI" name="test_upload_webp_image" time="0.388" /><testcase classname="tests.test_media_upload.TestMediaUploadAPI" name="test_reject_gif_format" time="0.080" /><testcase classname="tests.test_media_upload.TestMediaUploadAPI" name="test_reject_oversized_image" time="9.148" /><testcase classname="tests.test_media_upload.TestMediaUploadAPI" name="test_reject_unsupported_format" time="0.086" /><testcase classname="tests.test_media_upload.TestMediaUploadAPI" name="test_unauthorized_upload" time="0.089" /><testcase classname="tests.test_media_upload.TestMediaUploadAPI" name="test_upload_to_nonexistent_listing" time="0.088" /><testcase classname="tests.test_media_upload.TestSetCoverPhoto" name="test_set_cover_photo" time="0.083" /><testcase classname="tests.test_media_upload.TestSetCoverPhoto" name="test_set_cover_unauthorized" time="0.094" /><testcase classname="tests.test_media_upload.TestReorderMedia" name="test_reorder_media" time="0.107" /><testcase classname="tests.test_media_upload.TestReorderMedia" name="test_reorder_unauthorized" time="0.090" /><testcase classname="tests.test_media_upload.TestDeleteMedia" name="test_delete_media_unauthorized" time="0.087" /><testcase classname="tests.test_media_upload.TestDeleteMedia" name="test_delete_media" time="0.521" /><testcase classname="tests.test_media_upload.TestMediaLimits" name="test_verify_image_limit_enforced" time="0.083" /><testcase classname="tests.test_media_upload.TestMediaLimits" name="test_verify_video_limit_enforced" time="0.085" /><testcase classname="tests.test_media_upload.TestVideoUpload" name="test_reject_oversized_video" time="0.343" /><testcase classname="tests.test_media_upload.TestVideoUpload" name="test_video_content_types_accepted" time="0.000" /><testcase classname="tests.test_media_upload.TestGetListing" name="test_get_listing_returns_media_array" time="0.093" /></testsuite></testsuites>